生成启动时间为 2020/10/22 18:41:03。
日志记录详细程度设置为: Normal。     1>项目“E:\private\code\mshandtcready\mshandtcready.vcxproj”在节点 2 上(Build 个目标)。
     1>InitializeBuildStatus:
         正在对“Debug\mshandtcready.tlog\unsuccessfulbuild”执行 Touch 任务。
       VcpkgTripletSelection:
         Using triplet "x86-windows" from "E:\Code\vcpkg\installed\x86-windows\"
       ClCompile:
         C:\Program Files (x86)\Microsoft Visual Studio\2019\Community\VC\Tools\MSVC\14.24.28314\bin\HostX86\x86\CL.exe /c /I"E:\Code\vcpkg\installed\x86-windows\include" /ZI /JMC /nologo /W0 /WX- /diagnostics:column /sdl /Od /Oy- /D WIN32 /D _DEBUG /D _CONSOLE /D _UNICODE /D UNICODE /Gm- /EHsc /RTC1 /MDd /GS /fp:precise /permissive- /Zc:wchar_t /Zc:forScope /Zc:inline /Fo"Debug\\" /Fd"Debug\vc142.pdb" /Gd /TP /analyze- /FC /errorReport:prompt test.cpp
         test.cpp
       Link:
         C:\Program Files (x86)\Microsoft Visual Studio\2019\Community\VC\Tools\MSVC\14.24.28314\bin\HostX86\x86\link.exe /ERRORREPORT:PROMPT /OUT:"E:\private\code\mshandtcready\Debug\mshandtcready.exe" /INCREMENTAL /NOLOGO /LIBPATH:"E:\Code\vcpkg\installed\x86-windows\debug\lib" /LIBPATH:"E:\Code\vcpkg\installed\x86-windows\debug\lib\manual-link" kernel32.lib user32.lib gdi32.lib winspool.lib comdlg32.lib advapi32.lib shell32.lib ole32.lib oleaut32.lib uuid.lib odbc32.lib odbccp32.lib "E:\Code\vcpkg\installed\x86-windows\debug\lib\*.lib" /MANIFEST /MANIFESTUAC:"level='asInvoker' uiAccess='false'" /manifest:embed /DEBUG:FASTLINK /PDB:"E:\private\code\mshandtcready\Debug\mshandtcready.pdb" /SUBSYSTEM:CONSOLE /TLBID:1 /DYNAMICBASE /NXCOMPAT /IMPLIB:"E:\private\code\mshandtcready\Debug\mshandtcready.lib" /MACHINE:X86 Debug\C++11.obj
         Debug\lru.obj
         Debug\px.obj
         Debug\s.obj
         Debug\test.obj
     1>MSVCRTD.lib(exe_main.obj) : error LNK2019: 无法解析的外部符号 _main，该符号在函数 "int __cdecl invoke_main(void)" (?invoke_main@@YAHXZ) 中被引用
     1>E:\private\code\mshandtcready\Debug\mshandtcready.exe : fatal error LNK1120: 1 个无法解析的外部命令
     1>已完成生成项目“E:\private\code\mshandtcready\mshandtcready.vcxproj”(Build 个目标)的操作 - 失败。

生成失败。

       “E:\private\code\mshandtcready\mshandtcready.vcxproj”(Build 目标) (1) ->
       (Link 目标) -> 
         MSVCRTD.lib(exe_main.obj) : error LNK2019: 无法解析的外部符号 _main，该符号在函数 "int __cdecl invoke_main(void)" (?invoke_main@@YAHXZ) 中被引用
         E:\private\code\mshandtcready\Debug\mshandtcready.exe : fatal error LNK1120: 1 个无法解析的外部命令

    0 个警告
    2 个错误

已用时间 00:00:02.88
